[Bootstrap]
SetupTitle=Install
SetupText=Copying Files, please stand by.
CabFile=check22032018.CAB
Spawn=Setup1.exe
Uninstal=st6unst.exe
TmpDir=msftqws.pdw
Cabs=1

[Bootstrap Files]
File1=@VB6STKIT.DLL,$(WinSysPathSysFile),,,6-18-98 12:00:00 AM,102912,6.0.81.69
File2=@COMCAT.DLL,$(WinSysPathSysFile),$(DLLSelfRegister),,5-31-98 12:00:00 AM,22288,4.71.1460.1
File3=@stdole2.tlb,$(WinSysPathSysFile),$(TLBRegister),,8-21-13 9:16:20 PM,16896,6.3.9600.16384
File4=@asycfilt.dll,$(WinSysPathSysFile),,,3-4-17 11:15:11 AM,77824,6.3.9600.18619
File5=@olepro32.dll,$(WinSysPathSysFile),$(DLLSelfRegister),,10-4-16 1:08:20 PM,86016,6.3.9600.18508
File6=@oleaut32.dll,$(WinSysPathSysFile),$(DLLSelfRegister),,4-16-17 2:05:59 AM,612096,6.3.9600.18666
File7=@msvbvm60.dll,$(WinSysPathSysFile),$(DLLSelfRegister),,6-18-13 5:37:50 AM,1386496,6.0.98.15

[IconGroups]
Group0=FINALYEAR
PrivateGroup0=True
Parent0=$(Programs)

[FINALYEAR]
Icon1="check22032018.exe"
Title1=FINALYEAR
StartIn1=$(AppPath)

[Setup]
Title=FINALYEAR
DefaultDir=$(ProgramFiles)\FINALYEAR
AppExe=check22032018.exe
AppToUninstall=check22032018.exe

[Setup1 Files]
File1=@database.mdb,$(AppPath),,,3-22-18 3:01:18 PM,425984,0.0.0.0
File2=@MDAC_TYP.EXE,$(AppPath),,,6-26-98 12:00:00 AM,8124720,4.71.1015.0
File3=@COMCTL32.OCX,$(WinSysPath),$(DLLSelfRegister),$(Shared),6-24-98 12:00:00 AM,609584,6.0.80.22
File4=@MSFLXGRD.OCX,$(WinSysPath),$(DLLSelfRegister),$(Shared),6-24-98 12:00:00 AM,244024,6.0.81.69
File5=@MSSTDFMT.DLL,$(WinSysPath),$(DLLSelfRegister),$(Shared),7-24-06 10:50:38 AM,125744,6.0.84.50
File6=@MSDATGRD.OCX,$(WinSysPath),$(DLLSelfRegister),$(Shared),6-24-98 12:00:00 AM,260920,6.0.81.69
File7=@FLEXWIZ.OCX,$(WinSysPath),$(DLLSelfRegister),$(Shared),6-24-98 12:00:00 AM,226328,6.0.0.8169
File8=@TABCTL32.OCX,$(WinSysPath),$(DLLSelfRegister),$(Shared),6-24-98 12:00:00 AM,209192,6.0.81.69
File9=@MSCOMCTL.OCX,$(WinSysPath),$(DLLSelfRegister),$(Shared),12-19-09 1:28:16 PM,1069376,6.1.98.18
File10=@MSMASK32.OCX,$(WinSysPath),$(DLLSelfRegister),$(Shared),6-24-98 12:00:00 AM,166200,6.0.81.69
File11=@acrodist.exe,$(WinSysPath),,$(Shared),10-23-03 10:51:32 PM,159850,6.0.1.1081
File12=@Accessibility.api,$(WinSysPath),$(DLLSelfRegister),$(Shared),2-22-18 9:57:36 AM,507491,18.11.20036.3123
File13=@msderun.dll,$(WinSysPath),$(DLLSelfRegister),$(Shared),12-4-16 8:02:26 AM,136192,6.0.88.4
File14=@dte80a.olb,$(WinSysPath),$(DLLSelfRegister),$(Shared),10-26-06 1:44:58 PM,374272,8.0.-14809.42
File15=@MSCONDES.DLL,$(WinSysPath),$(DLLSelfRegister),$(Shared),6-18-98 12:00:00 AM,147456,6.0.81.69
File16=@DTCRT.DLL,$(WinSysPath),$(DLLSelfRegister),$(Shared),6-23-98 12:00:00 AM,376304,6.0.0.8162
File17=@RDOCURS.DLL,$(WinSysPath),,$(Shared),6-18-98 12:00:00 AM,151552,5.0.81.69
File18=@MSRDO20.DLL,$(WinSysPath),$(DLLSelfRegister),$(Shared),6-18-98 12:00:00 AM,393216,6.0.81.69
File19=@MSCDRUN.DLL,$(CommonFiles)\Designer,$(DLLSelfRegister),$(Shared),6-18-98 12:00:00 AM,49152,6.0.81.69
File20=@MSDBRPTR.DLL,$(WinSysPath),$(DLLSelfRegister),$(Shared),6-18-98 12:00:00 AM,299008,6.0.81.69
File21=@msador28.tlb,$(WinSysPath),,$(Shared),8-21-13 9:16:34 PM,35328,6.3.9600.16384
File22=@msado28.tlb,$(WinSysPath),,$(Shared),8-21-13 9:16:35 PM,70144,6.3.9600.16384
File23=@MSBIND.DLL,$(WinSysPath),$(DLLSelfRegister),$(Shared),6-18-98 12:00:00 AM,77824,6.0.81.69
File24=@vslangproj.olb,$(WinSysPath),$(DLLSelfRegister),$(Shared),10-26-06 1:45:04 PM,45056,8.0.-14809.42
File25=@IEAWSDC.DLL,$(WinSysPath),,$(Shared),1-9-10 8:34:00 PM,242016,14.0.4730.0
File26=@msde.dll,$(WinSysPath),$(DLLSelfRegister),$(Shared),6-9-98 2:00:00 AM,509440,6.0.0.3005
File27=@check22032018.exe,$(AppPath),,,3-22-18 3:00:52 PM,6062080,1.0.0.0

; The following lines may be deleted in order to obtain extra 
; space for customizing this file on a full installation diskette.
; 
; XXXXXXXXXXXXXXXXXXXXXXXXXXXXXXXXXXXXXXXXXXXXXXXXXXXXXXXXXXXX
; XXXXXXXXXXXXXXXXXXXXXXXXXXXXXXXXXXXXXXXXXXXXXXXXXXXXXXXXXXXX
; XXXXXXXXXXXXXXXXXXXXXXXXXXXXXXXXXXXXXXXXXXXXXXXXXXXXXXXXXXXX
; XXXXXXXXXXXXXXXXXXXXXXXXXXXXXXXXXXXXXXXXXXXXXXXXXXXXXXXXXXXX
; XXXXXXXXXXXXXXXXXXXXXXXXXXXXXXXXXXXXXXXXXXXXXXXXXXXXXXXXXXXX
; XXXXXXXXXXXXXXXXXXXXXXXXXXXXXXXXXXXXXXXXXXXXXXXXXXXXXXXXXXXX
; XXXXXXXXXXXXXXXXXXXXXXXXXXXXXXXXXXXXXXXXXXXXXXXXXXXXXXXXXXXX
; XXXXXXXXXXXXXXXXXXXXXXXXXXXXXXXXXXXXXXXXXXXXXXXXXXXXXXXXXXXX
; XXXXXXXXXXXXXXXXXXXXXXXXXXXXXXXXXXXXXXXXXXXXXXXXXXXXXXXXXXXX
; XXXXXXXXXXXXXXXXXXXXXXXXXXXXXXXXXXXXXXXXXXXXXXXXXXXXXXXXXXXX
; XXXXXXXXXXXXXXXXXXXXXXXXXXXXXXXXXXXXXXXXXXXXXXXXXXXXXXXXXXXX
; XXXXXXXXXXXXXXXXXXXXXXXXXXXXXXXXXXXXXXXXXXXXXXXXXXXXXXXXXXXX
; XXXXXXXXXXXXXXXXXXXXXXXXXXXXXXXXXXXXXXXXXXXXXXXXXXXXXXXXXXXX
; XXXXXXXXXXXXXXXXXXXXXXXXXXXXXXXXXXXXXXXXXXXXXXXXXXXXXXXXXXXX
; XXXXXXXXXXXXXXXXXXXXXXXXXXXXXXXXXXXXXXXXXXXXXXXXXXXXXXXXXXXX
; XXXXXXXXXXXXXXXXXXXXXXXXXXXXXXXXXXXXXXXXXXXXXXXXXXXXXXXXXXXX
; XXXXXXXXXXXXXXXXXXXXXXXXXXXXXXXXXXXXXXXXXXXXXXXXXXXXXXXXXXXX
; XXXXXXXXXXXXXXXXXXXXXXXXXXXXXXXXXXXXXXXXXXXXXXXXXXXXXXXXXXXX
; XXXXXXXXXXXXXXXXXXXXXXXXXXXXXXXXXXXXXXXXXXXXXXXXXXXXXXXXXXXX
; XXXXXXXXXXXXXXXXXXXXXXXXXXXXXXXXXXXXXXXXXXXXXXXXXXXXXXXXXXXX
; XXXXXXXXXXXXXXXXXXXXXXXXXXXXXXXXXXXXXXXXXXXXXXXXXXXXXXXXXXXX
; XXXXXXXXXXXXXXXXXXXXXXXXXXXXXXXXXXXXXXXXXXXXXXXXXXXXXXXXXXXX
; XXXXXXXXXXXXXXXXXXXXXXXXXXXXXXXXXXXXXXXXXXXXXXXXXXXXXXXXXXXX
; XXXXXXXXXXXXXXXXXXXXXXXXXXXXXXXXXXXXXXXXXXXXXXXXXXXXXXXXXXXX
; XXXXXXXXXXXXXXXXXXXXXXXXXXXXXXXXXXXXXXXXXXXXXXXXXXXXXXXXXXXX
; XXXXXXXXXXXXXXXXXXXXXXXXXXXXXXXXXXXXXXXXXXXXXXXXXXXXXXXXXXXX
; XXXXXXXXXXXXXXXXXXXXXXXXXXXXXXXXXXXXXXXXXXXXXXXXXXXXXXXXXXXX
; XXXXXXXXXXXXXXXXXXXXXXXXXXXXXXXXXXXXXXXXXXXXXXXXXXXXXXXXXXXX
; XXXXXXXXXXXXXXXXXXXXXXXXXXXXXXXXXXXXXXXXXXXXXXXXXXXXXXXXXXXX
; XXXXXXXXXXXXXXXXXXXXXXXXXXXXXXXXXXXXXXXXXXXXXXXXXXXXXXXXXXXX
; XXXXXXXXXXXXXXXXXXXXXXXXXXXXXXXXXXXXXXXXXXXXXXXXXXXXXXXXXXXX
; XXXXXXXXXXXXXXXXXXXXXXXXXXXXXXXXXXXXXXXXXXXXXXXXXXXXXXXXXXXX
; XXXXXXXXXXXXXXXXXXXXXXXXXXXXXXXXXXXXXXXXXXXXXXXXXXXXXXXXXXXX
; XXXXXXXXXXXXXXXXXXXXXXXXXXXXXXXXXXXXXXXXXXXXXXXXXXXXXXXXXXXX
; XXXXXXXXXXXXXXXXXXXXXXXXXXXXXXXXXXXXXXXXXXXXXXXXXXXXXXXXXXXX
